[2026-04-08T17:23:55.175+0000] {local_task_job_runner.py:120} INFO - ::group::Pre task execution logs
[2026-04-08T17:23:55.188+0000] {taskinstance.py:2073} INFO - Dependencies all met for dep_context=non-requeueable deps ti=<TaskInstance: news_extraction_pipeline.run_main_python_script scheduled__2026-04-07T06:00:00+00:00 [queued]>
[2026-04-08T17:23:55.191+0000] {taskinstance.py:2073} INFO - Dependencies all met for dep_context=requeueable deps ti=<TaskInstance: news_extraction_pipeline.run_main_python_script scheduled__2026-04-07T06:00:00+00:00 [queued]>
[2026-04-08T17:23:55.192+0000] {taskinstance.py:2303} INFO - Starting attempt 1 of 2
[2026-04-08T17:23:55.195+0000] {taskinstance.py:2327} INFO - Executing <Task(BashOperator): run_main_python_script> on 2026-04-07 06:00:00+00:00
[2026-04-08T17:23:55.200+0000] {logging_mixin.py:188} WARNING - /home/airflow/.local/lib/python3.12/site-packages/airflow/task/task_runner/standard_task_runner.py:61 DeprecationWarning: This process (pid=193) is multi-threaded, use of fork() may lead to deadlocks in the child.
[2026-04-08T17:23:55.199+0000] {standard_task_runner.py:90} INFO - Running: ['airflow', 'tasks', 'run', 'news_extraction_pipeline', 'run_main_python_script', 'scheduled__2026-04-07T06:00:00+00:00', '--job-id', '4', '--raw', '--subdir', 'DAGS_FOLDER/news_dag.py', '--cfg-path', '/tmp/tmprz6ajwq9']
[2026-04-08T17:23:55.201+0000] {standard_task_runner.py:91} INFO - Job 4: Subtask run_main_python_script
[2026-04-08T17:23:55.201+0000] {standard_task_runner.py:63} INFO - Started process 194 to run task
[2026-04-08T17:23:55.223+0000] {task_command.py:426} INFO - Running <TaskInstance: news_extraction_pipeline.run_main_python_script scheduled__2026-04-07T06:00:00+00:00 [running]> on host 58c069ca1dae
[2026-04-08T17:23:55.257+0000] {taskinstance.py:2644} INFO - Exporting env vars: AIRFLOW_CTX_DAG_OWNER='alex' AIRFLOW_CTX_DAG_ID='news_extraction_pipeline' AIRFLOW_CTX_TASK_ID='run_main_python_script' AIRFLOW_CTX_EXECUTION_DATE='2026-04-07T06:00:00+00:00' AIRFLOW_CTX_TRY_NUMBER='1' AIRFLOW_CTX_DAG_RUN_ID='scheduled__2026-04-07T06:00:00+00:00'
[2026-04-08T17:23:55.257+0000] {taskinstance.py:430} INFO - ::endgroup::
[2026-04-08T17:23:55.273+0000] {subprocess.py:63} INFO - Tmp dir root location: /tmp
[2026-04-08T17:23:55.273+0000] {subprocess.py:75} INFO - Running command: ['/usr/bin/bash', '-c', 'python /opt/airflow/project/main.py']
[2026-04-08T17:23:55.277+0000] {subprocess.py:86} INFO - Output:
[2026-04-08T17:23:56.906+0000] {subprocess.py:93} INFO - --- Iniciando Pipeline: 2026-04-08 17:23:56.167858 ---
[2026-04-08T17:23:56.906+0000] {subprocess.py:93} INFO - 🚀 Iniciando extracción para: Artificial Intelligence...
[2026-04-08T17:23:56.906+0000] {subprocess.py:93} INFO - ✅ Éxito: Se encontraron 99 artículos.
[2026-04-08T17:23:56.906+0000] {subprocess.py:93} INFO - ✅ Datos guardados en: data/landing/news_20260408.json
[2026-04-08T17:23:56.906+0000] {subprocess.py:93} INFO - 🧹 Iniciando proceso de transformación...
[2026-04-08T17:23:56.907+0000] {subprocess.py:93} INFO - ✅ Datos limpios guardados en: data/processed/cleaned_news.csv
[2026-04-08T17:23:56.907+0000] {subprocess.py:93} INFO - ✅ Archivo procesado guardado localmente.
[2026-04-08T17:23:56.907+0000] {subprocess.py:93} INFO - 📦 Cargando 99 registros en la tabla 'news_articles'...
[2026-04-08T17:23:56.907+0000] {subprocess.py:93} INFO - 🚀 Carga finalizada con éxito.
[2026-04-08T17:23:56.907+0000] {subprocess.py:93} INFO - 
[2026-04-08T17:23:56.907+0000] {subprocess.py:93} INFO - ✅ PIPELINE FINALIZADO EXITOSAMENTE A LAS 17:23:56
[2026-04-08T17:23:56.948+0000] {subprocess.py:97} INFO - Command exited with return code 0
[2026-04-08T17:23:56.949+0000] {taskinstance.py:441} INFO - ::group::Post task execution logs
[2026-04-08T17:23:56.959+0000] {taskinstance.py:1205} INFO - Marking task as SUCCESS. dag_id=news_extraction_pipeline, task_id=run_main_python_script, execution_date=20260407T060000, start_date=20260408T172355, end_date=20260408T172356
[2026-04-08T17:23:56.993+0000] {local_task_job_runner.py:240} INFO - Task exited with return code 0
[2026-04-08T17:23:57.000+0000] {taskinstance.py:3482} INFO - 0 downstream tasks scheduled from follow-on schedule check
[2026-04-08T17:23:57.000+0000] {local_task_job_runner.py:222} INFO - ::endgroup::
