[2026-04-08T17:21:49.532+0000] {processor.py:161} INFO - Started process (PID=168) to work on /opt/airflow/dags/news_dag.py
[2026-04-08T17:21:49.533+0000] {processor.py:830} INFO - Processing file /opt/airflow/dags/news_dag.py for tasks to queue
[2026-04-08T17:21:49.534+0000] {logging_mixin.py:188} INFO - [2026-04-08T17:21:49.534+0000] {dagbag.py:540} INFO - Filling up the DagBag from /opt/airflow/dags/news_dag.py
[2026-04-08T17:21:49.550+0000] {processor.py:840} INFO - DAG(s) 'news_extraction_pipeline' retrieved from /opt/airflow/dags/news_dag.py
[2026-04-08T17:21:49.656+0000] {logging_mixin.py:188} INFO - [2026-04-08T17:21:49.656+0000] {override.py:1829} INFO - Created Permission View: can edit on DAG:news_extraction_pipeline
[2026-04-08T17:21:49.659+0000] {logging_mixin.py:188} INFO - [2026-04-08T17:21:49.659+0000] {override.py:1829} INFO - Created Permission View: can read on DAG:news_extraction_pipeline
[2026-04-08T17:21:49.660+0000] {logging_mixin.py:188} INFO - [2026-04-08T17:21:49.660+0000] {override.py:1829} INFO - Created Permission View: can delete on DAG:news_extraction_pipeline
[2026-04-08T17:21:49.660+0000] {logging_mixin.py:188} INFO - [2026-04-08T17:21:49.660+0000] {dag.py:3096} INFO - Sync 1 DAGs
[2026-04-08T17:21:49.664+0000] {logging_mixin.py:188} INFO - [2026-04-08T17:21:49.663+0000] {dag.py:3118} INFO - Creating ORM DAG for news_extraction_pipeline
[2026-04-08T17:21:49.667+0000] {logging_mixin.py:188} INFO - [2026-04-08T17:21:49.667+0000] {dag.py:3954} INFO - Setting next_dagrun for news_extraction_pipeline to 2026-04-07 06:00:00+00:00, run_after=2026-04-08 06:00:00+00:00
[2026-04-08T17:21:49.676+0000] {processor.py:183} INFO - Processing /opt/airflow/dags/news_dag.py took 0.147 seconds
[2026-04-08T17:22:19.801+0000] {processor.py:161} INFO - Started process (PID=173) to work on /opt/airflow/dags/news_dag.py
[2026-04-08T17:22:19.802+0000] {processor.py:830} INFO - Processing file /opt/airflow/dags/news_dag.py for tasks to queue
[2026-04-08T17:22:19.804+0000] {logging_mixin.py:188} INFO - [2026-04-08T17:22:19.803+0000] {dagbag.py:540} INFO - Filling up the DagBag from /opt/airflow/dags/news_dag.py
[2026-04-08T17:22:19.813+0000] {processor.py:840} INFO - DAG(s) 'news_extraction_pipeline' retrieved from /opt/airflow/dags/news_dag.py
[2026-04-08T17:22:19.831+0000] {logging_mixin.py:188} INFO - [2026-04-08T17:22:19.831+0000] {dag.py:3096} INFO - Sync 1 DAGs
[2026-04-08T17:22:19.839+0000] {logging_mixin.py:188} INFO - [2026-04-08T17:22:19.839+0000] {dag.py:3954} INFO - Setting next_dagrun for news_extraction_pipeline to 2026-04-07 06:00:00+00:00, run_after=2026-04-08 06:00:00+00:00
[2026-04-08T17:22:19.845+0000] {processor.py:183} INFO - Processing /opt/airflow/dags/news_dag.py took 0.050 seconds
[2026-04-08T17:22:50.056+0000] {processor.py:161} INFO - Started process (PID=178) to work on /opt/airflow/dags/news_dag.py
[2026-04-08T17:22:50.056+0000] {processor.py:830} INFO - Processing file /opt/airflow/dags/news_dag.py for tasks to queue
[2026-04-08T17:22:50.057+0000] {logging_mixin.py:188} INFO - [2026-04-08T17:22:50.057+0000] {dagbag.py:540} INFO - Filling up the DagBag from /opt/airflow/dags/news_dag.py
[2026-04-08T17:22:50.062+0000] {processor.py:840} INFO - DAG(s) 'news_extraction_pipeline' retrieved from /opt/airflow/dags/news_dag.py
[2026-04-08T17:22:50.074+0000] {logging_mixin.py:188} INFO - [2026-04-08T17:22:50.074+0000] {dag.py:3096} INFO - Sync 1 DAGs
[2026-04-08T17:22:50.082+0000] {logging_mixin.py:188} INFO - [2026-04-08T17:22:50.081+0000] {dag.py:3954} INFO - Setting next_dagrun for news_extraction_pipeline to 2026-04-07 06:00:00+00:00, run_after=2026-04-08 06:00:00+00:00
[2026-04-08T17:22:50.088+0000] {processor.py:183} INFO - Processing /opt/airflow/dags/news_dag.py took 0.035 seconds
[2026-04-08T17:23:20.361+0000] {processor.py:161} INFO - Started process (PID=183) to work on /opt/airflow/dags/news_dag.py
[2026-04-08T17:23:20.362+0000] {processor.py:830} INFO - Processing file /opt/airflow/dags/news_dag.py for tasks to queue
[2026-04-08T17:23:20.364+0000] {logging_mixin.py:188} INFO - [2026-04-08T17:23:20.363+0000] {dagbag.py:540} INFO - Filling up the DagBag from /opt/airflow/dags/news_dag.py
[2026-04-08T17:23:20.378+0000] {processor.py:840} INFO - DAG(s) 'news_extraction_pipeline' retrieved from /opt/airflow/dags/news_dag.py
[2026-04-08T17:23:20.399+0000] {logging_mixin.py:188} INFO - [2026-04-08T17:23:20.399+0000] {dag.py:3096} INFO - Sync 1 DAGs
[2026-04-08T17:23:20.408+0000] {logging_mixin.py:188} INFO - [2026-04-08T17:23:20.408+0000] {dag.py:3954} INFO - Setting next_dagrun for news_extraction_pipeline to 2026-04-07 06:00:00+00:00, run_after=2026-04-08 06:00:00+00:00
[2026-04-08T17:23:20.415+0000] {processor.py:183} INFO - Processing /opt/airflow/dags/news_dag.py took 0.062 seconds
[2026-04-08T17:23:50.650+0000] {processor.py:161} INFO - Started process (PID=188) to work on /opt/airflow/dags/news_dag.py
[2026-04-08T17:23:50.651+0000] {processor.py:830} INFO - Processing file /opt/airflow/dags/news_dag.py for tasks to queue
[2026-04-08T17:23:50.653+0000] {logging_mixin.py:188} INFO - [2026-04-08T17:23:50.652+0000] {dagbag.py:540} INFO - Filling up the DagBag from /opt/airflow/dags/news_dag.py
[2026-04-08T17:23:50.662+0000] {processor.py:840} INFO - DAG(s) 'news_extraction_pipeline' retrieved from /opt/airflow/dags/news_dag.py
[2026-04-08T17:23:50.682+0000] {logging_mixin.py:188} INFO - [2026-04-08T17:23:50.681+0000] {dag.py:3096} INFO - Sync 1 DAGs
[2026-04-08T17:23:50.690+0000] {logging_mixin.py:188} INFO - [2026-04-08T17:23:50.690+0000] {dag.py:3954} INFO - Setting next_dagrun for news_extraction_pipeline to 2026-04-07 06:00:00+00:00, run_after=2026-04-08 06:00:00+00:00
[2026-04-08T17:23:50.696+0000] {processor.py:183} INFO - Processing /opt/airflow/dags/news_dag.py took 0.056 seconds
[2026-04-08T17:24:20.926+0000] {processor.py:161} INFO - Started process (PID=206) to work on /opt/airflow/dags/news_dag.py
[2026-04-08T17:24:20.927+0000] {processor.py:830} INFO - Processing file /opt/airflow/dags/news_dag.py for tasks to queue
[2026-04-08T17:24:20.929+0000] {logging_mixin.py:188} INFO - [2026-04-08T17:24:20.928+0000] {dagbag.py:540} INFO - Filling up the DagBag from /opt/airflow/dags/news_dag.py
[2026-04-08T17:24:20.938+0000] {processor.py:840} INFO - DAG(s) 'news_extraction_pipeline' retrieved from /opt/airflow/dags/news_dag.py
[2026-04-08T17:24:20.956+0000] {logging_mixin.py:188} INFO - [2026-04-08T17:24:20.955+0000] {dag.py:3096} INFO - Sync 1 DAGs
[2026-04-08T17:24:20.966+0000] {logging_mixin.py:188} INFO - [2026-04-08T17:24:20.966+0000] {dag.py:3954} INFO - Setting next_dagrun for news_extraction_pipeline to 2026-04-08 06:00:00+00:00, run_after=2026-04-09 06:00:00+00:00
[2026-04-08T17:24:20.972+0000] {processor.py:183} INFO - Processing /opt/airflow/dags/news_dag.py took 0.051 seconds
[2026-04-08T17:24:51.175+0000] {processor.py:161} INFO - Started process (PID=224) to work on /opt/airflow/dags/news_dag.py
[2026-04-08T17:24:51.176+0000] {processor.py:830} INFO - Processing file /opt/airflow/dags/news_dag.py for tasks to queue
[2026-04-08T17:24:51.178+0000] {logging_mixin.py:188} INFO - [2026-04-08T17:24:51.178+0000] {dagbag.py:540} INFO - Filling up the DagBag from /opt/airflow/dags/news_dag.py
[2026-04-08T17:24:51.187+0000] {processor.py:840} INFO - DAG(s) 'news_extraction_pipeline' retrieved from /opt/airflow/dags/news_dag.py
[2026-04-08T17:24:51.204+0000] {logging_mixin.py:188} INFO - [2026-04-08T17:24:51.204+0000] {dag.py:3096} INFO - Sync 1 DAGs
[2026-04-08T17:24:51.214+0000] {logging_mixin.py:188} INFO - [2026-04-08T17:24:51.214+0000] {dag.py:3954} INFO - Setting next_dagrun for news_extraction_pipeline to 2026-04-08 06:00:00+00:00, run_after=2026-04-09 06:00:00+00:00
[2026-04-08T17:24:51.220+0000] {processor.py:183} INFO - Processing /opt/airflow/dags/news_dag.py took 0.051 seconds
[2026-04-08T17:25:21.488+0000] {processor.py:161} INFO - Started process (PID=229) to work on /opt/airflow/dags/news_dag.py
[2026-04-08T17:25:21.489+0000] {processor.py:830} INFO - Processing file /opt/airflow/dags/news_dag.py for tasks to queue
[2026-04-08T17:25:21.491+0000] {logging_mixin.py:188} INFO - [2026-04-08T17:25:21.491+0000] {dagbag.py:540} INFO - Filling up the DagBag from /opt/airflow/dags/news_dag.py
[2026-04-08T17:25:21.504+0000] {processor.py:840} INFO - DAG(s) 'news_extraction_pipeline' retrieved from /opt/airflow/dags/news_dag.py
[2026-04-08T17:25:21.524+0000] {logging_mixin.py:188} INFO - [2026-04-08T17:25:21.524+0000] {dag.py:3096} INFO - Sync 1 DAGs
[2026-04-08T17:25:21.534+0000] {logging_mixin.py:188} INFO - [2026-04-08T17:25:21.534+0000] {dag.py:3954} INFO - Setting next_dagrun for news_extraction_pipeline to 2026-04-08 06:00:00+00:00, run_after=2026-04-09 06:00:00+00:00
[2026-04-08T17:25:21.540+0000] {processor.py:183} INFO - Processing /opt/airflow/dags/news_dag.py took 0.058 seconds
[2026-04-08T17:25:51.771+0000] {processor.py:161} INFO - Started process (PID=234) to work on /opt/airflow/dags/news_dag.py
[2026-04-08T17:25:51.772+0000] {processor.py:830} INFO - Processing file /opt/airflow/dags/news_dag.py for tasks to queue
[2026-04-08T17:25:51.774+0000] {logging_mixin.py:188} INFO - [2026-04-08T17:25:51.774+0000] {dagbag.py:540} INFO - Filling up the DagBag from /opt/airflow/dags/news_dag.py
[2026-04-08T17:25:51.784+0000] {processor.py:840} INFO - DAG(s) 'news_extraction_pipeline' retrieved from /opt/airflow/dags/news_dag.py
[2026-04-08T17:25:51.802+0000] {logging_mixin.py:188} INFO - [2026-04-08T17:25:51.802+0000] {dag.py:3096} INFO - Sync 1 DAGs
[2026-04-08T17:25:51.812+0000] {logging_mixin.py:188} INFO - [2026-04-08T17:25:51.812+0000] {dag.py:3954} INFO - Setting next_dagrun for news_extraction_pipeline to 2026-04-08 06:00:00+00:00, run_after=2026-04-09 06:00:00+00:00
[2026-04-08T17:25:51.819+0000] {processor.py:183} INFO - Processing /opt/airflow/dags/news_dag.py took 0.053 seconds
[2026-04-08T17:26:22.047+0000] {processor.py:161} INFO - Started process (PID=239) to work on /opt/airflow/dags/news_dag.py
[2026-04-08T17:26:22.048+0000] {processor.py:830} INFO - Processing file /opt/airflow/dags/news_dag.py for tasks to queue
[2026-04-08T17:26:22.050+0000] {logging_mixin.py:188} INFO - [2026-04-08T17:26:22.049+0000] {dagbag.py:540} INFO - Filling up the DagBag from /opt/airflow/dags/news_dag.py
[2026-04-08T17:26:22.059+0000] {processor.py:840} INFO - DAG(s) 'news_extraction_pipeline' retrieved from /opt/airflow/dags/news_dag.py
[2026-04-08T17:26:22.077+0000] {logging_mixin.py:188} INFO - [2026-04-08T17:26:22.077+0000] {dag.py:3096} INFO - Sync 1 DAGs
[2026-04-08T17:26:22.087+0000] {logging_mixin.py:188} INFO - [2026-04-08T17:26:22.087+0000] {dag.py:3954} INFO - Setting next_dagrun for news_extraction_pipeline to 2026-04-08 06:00:00+00:00, run_after=2026-04-09 06:00:00+00:00
[2026-04-08T17:26:22.093+0000] {processor.py:183} INFO - Processing /opt/airflow/dags/news_dag.py took 0.050 seconds
[2026-04-08T17:26:52.330+0000] {processor.py:161} INFO - Started process (PID=244) to work on /opt/airflow/dags/news_dag.py
[2026-04-08T17:26:52.331+0000] {processor.py:830} INFO - Processing file /opt/airflow/dags/news_dag.py for tasks to queue
[2026-04-08T17:26:52.333+0000] {logging_mixin.py:188} INFO - [2026-04-08T17:26:52.332+0000] {dagbag.py:540} INFO - Filling up the DagBag from /opt/airflow/dags/news_dag.py
[2026-04-08T17:26:52.341+0000] {processor.py:840} INFO - DAG(s) 'news_extraction_pipeline' retrieved from /opt/airflow/dags/news_dag.py
[2026-04-08T17:26:52.358+0000] {logging_mixin.py:188} INFO - [2026-04-08T17:26:52.358+0000] {dag.py:3096} INFO - Sync 1 DAGs
[2026-04-08T17:26:52.369+0000] {logging_mixin.py:188} INFO - [2026-04-08T17:26:52.369+0000] {dag.py:3954} INFO - Setting next_dagrun for news_extraction_pipeline to 2026-04-08 06:00:00+00:00, run_after=2026-04-09 06:00:00+00:00
[2026-04-08T17:26:52.375+0000] {processor.py:183} INFO - Processing /opt/airflow/dags/news_dag.py took 0.050 seconds
[2026-04-08T17:27:22.595+0000] {processor.py:161} INFO - Started process (PID=249) to work on /opt/airflow/dags/news_dag.py
[2026-04-08T17:27:22.596+0000] {processor.py:830} INFO - Processing file /opt/airflow/dags/news_dag.py for tasks to queue
[2026-04-08T17:27:22.597+0000] {logging_mixin.py:188} INFO - [2026-04-08T17:27:22.597+0000] {dagbag.py:540} INFO - Filling up the DagBag from /opt/airflow/dags/news_dag.py
[2026-04-08T17:27:22.606+0000] {processor.py:840} INFO - DAG(s) 'news_extraction_pipeline' retrieved from /opt/airflow/dags/news_dag.py
[2026-04-08T17:27:22.625+0000] {logging_mixin.py:188} INFO - [2026-04-08T17:27:22.625+0000] {dag.py:3096} INFO - Sync 1 DAGs
[2026-04-08T17:27:22.637+0000] {logging_mixin.py:188} INFO - [2026-04-08T17:27:22.637+0000] {dag.py:3954} INFO - Setting next_dagrun for news_extraction_pipeline to 2026-04-08 06:00:00+00:00, run_after=2026-04-09 06:00:00+00:00
[2026-04-08T17:27:22.645+0000] {processor.py:183} INFO - Processing /opt/airflow/dags/news_dag.py took 0.054 seconds
[2026-04-08T17:27:52.910+0000] {processor.py:161} INFO - Started process (PID=254) to work on /opt/airflow/dags/news_dag.py
[2026-04-08T17:27:52.911+0000] {processor.py:830} INFO - Processing file /opt/airflow/dags/news_dag.py for tasks to queue
[2026-04-08T17:27:52.913+0000] {logging_mixin.py:188} INFO - [2026-04-08T17:27:52.912+0000] {dagbag.py:540} INFO - Filling up the DagBag from /opt/airflow/dags/news_dag.py
[2026-04-08T17:27:52.921+0000] {processor.py:840} INFO - DAG(s) 'news_extraction_pipeline' retrieved from /opt/airflow/dags/news_dag.py
[2026-04-08T17:27:52.938+0000] {logging_mixin.py:188} INFO - [2026-04-08T17:27:52.937+0000] {dag.py:3096} INFO - Sync 1 DAGs
[2026-04-08T17:27:52.947+0000] {logging_mixin.py:188} INFO - [2026-04-08T17:27:52.947+0000] {dag.py:3954} INFO - Setting next_dagrun for news_extraction_pipeline to 2026-04-08 06:00:00+00:00, run_after=2026-04-09 06:00:00+00:00
[2026-04-08T17:27:52.954+0000] {processor.py:183} INFO - Processing /opt/airflow/dags/news_dag.py took 0.048 seconds
[2026-04-08T17:28:23.178+0000] {processor.py:161} INFO - Started process (PID=259) to work on /opt/airflow/dags/news_dag.py
[2026-04-08T17:28:23.179+0000] {processor.py:830} INFO - Processing file /opt/airflow/dags/news_dag.py for tasks to queue
[2026-04-08T17:28:23.181+0000] {logging_mixin.py:188} INFO - [2026-04-08T17:28:23.180+0000] {dagbag.py:540} INFO - Filling up the DagBag from /opt/airflow/dags/news_dag.py
[2026-04-08T17:28:23.189+0000] {processor.py:840} INFO - DAG(s) 'news_extraction_pipeline' retrieved from /opt/airflow/dags/news_dag.py
[2026-04-08T17:28:23.207+0000] {logging_mixin.py:188} INFO - [2026-04-08T17:28:23.207+0000] {dag.py:3096} INFO - Sync 1 DAGs
[2026-04-08T17:28:23.217+0000] {logging_mixin.py:188} INFO - [2026-04-08T17:28:23.216+0000] {dag.py:3954} INFO - Setting next_dagrun for news_extraction_pipeline to 2026-04-08 06:00:00+00:00, run_after=2026-04-09 06:00:00+00:00
[2026-04-08T17:28:23.223+0000] {processor.py:183} INFO - Processing /opt/airflow/dags/news_dag.py took 0.050 seconds
[2026-04-08T17:28:53.486+0000] {processor.py:161} INFO - Started process (PID=264) to work on /opt/airflow/dags/news_dag.py
[2026-04-08T17:28:53.487+0000] {processor.py:830} INFO - Processing file /opt/airflow/dags/news_dag.py for tasks to queue
[2026-04-08T17:28:53.490+0000] {logging_mixin.py:188} INFO - [2026-04-08T17:28:53.490+0000] {dagbag.py:540} INFO - Filling up the DagBag from /opt/airflow/dags/news_dag.py
[2026-04-08T17:28:53.505+0000] {processor.py:840} INFO - DAG(s) 'news_extraction_pipeline' retrieved from /opt/airflow/dags/news_dag.py
[2026-04-08T17:28:53.523+0000] {logging_mixin.py:188} INFO - [2026-04-08T17:28:53.522+0000] {dag.py:3096} INFO - Sync 1 DAGs
[2026-04-08T17:28:53.532+0000] {logging_mixin.py:188} INFO - [2026-04-08T17:28:53.532+0000] {dag.py:3954} INFO - Setting next_dagrun for news_extraction_pipeline to 2026-04-08 06:00:00+00:00, run_after=2026-04-09 06:00:00+00:00
[2026-04-08T17:28:53.539+0000] {processor.py:183} INFO - Processing /opt/airflow/dags/news_dag.py took 0.060 seconds
[2026-04-08T17:29:23.757+0000] {processor.py:161} INFO - Started process (PID=269) to work on /opt/airflow/dags/news_dag.py
[2026-04-08T17:29:23.757+0000] {processor.py:830} INFO - Processing file /opt/airflow/dags/news_dag.py for tasks to queue
[2026-04-08T17:29:23.759+0000] {logging_mixin.py:188} INFO - [2026-04-08T17:29:23.758+0000] {dagbag.py:540} INFO - Filling up the DagBag from /opt/airflow/dags/news_dag.py
[2026-04-08T17:29:23.764+0000] {processor.py:840} INFO - DAG(s) 'news_extraction_pipeline' retrieved from /opt/airflow/dags/news_dag.py
[2026-04-08T17:29:23.779+0000] {logging_mixin.py:188} INFO - [2026-04-08T17:29:23.779+0000] {dag.py:3096} INFO - Sync 1 DAGs
[2026-04-08T17:29:23.790+0000] {logging_mixin.py:188} INFO - [2026-04-08T17:29:23.790+0000] {dag.py:3954} INFO - Setting next_dagrun for news_extraction_pipeline to 2026-04-08 06:00:00+00:00, run_after=2026-04-09 06:00:00+00:00
[2026-04-08T17:29:23.798+0000] {processor.py:183} INFO - Processing /opt/airflow/dags/news_dag.py took 0.046 seconds
[2026-04-08T17:29:54.046+0000] {processor.py:161} INFO - Started process (PID=274) to work on /opt/airflow/dags/news_dag.py
[2026-04-08T17:29:54.047+0000] {processor.py:830} INFO - Processing file /opt/airflow/dags/news_dag.py for tasks to queue
[2026-04-08T17:29:54.049+0000] {logging_mixin.py:188} INFO - [2026-04-08T17:29:54.049+0000] {dagbag.py:540} INFO - Filling up the DagBag from /opt/airflow/dags/news_dag.py
[2026-04-08T17:29:54.058+0000] {processor.py:840} INFO - DAG(s) 'news_extraction_pipeline' retrieved from /opt/airflow/dags/news_dag.py
[2026-04-08T17:29:54.076+0000] {logging_mixin.py:188} INFO - [2026-04-08T17:29:54.075+0000] {dag.py:3096} INFO - Sync 1 DAGs
[2026-04-08T17:29:54.086+0000] {logging_mixin.py:188} INFO - [2026-04-08T17:29:54.086+0000] {dag.py:3954} INFO - Setting next_dagrun for news_extraction_pipeline to 2026-04-08 06:00:00+00:00, run_after=2026-04-09 06:00:00+00:00
[2026-04-08T17:29:54.092+0000] {processor.py:183} INFO - Processing /opt/airflow/dags/news_dag.py took 0.052 seconds
[2026-04-08T17:30:24.357+0000] {processor.py:161} INFO - Started process (PID=279) to work on /opt/airflow/dags/news_dag.py
[2026-04-08T17:30:24.357+0000] {processor.py:830} INFO - Processing file /opt/airflow/dags/news_dag.py for tasks to queue
[2026-04-08T17:30:24.359+0000] {logging_mixin.py:188} INFO - [2026-04-08T17:30:24.359+0000] {dagbag.py:540} INFO - Filling up the DagBag from /opt/airflow/dags/news_dag.py
[2026-04-08T17:30:24.368+0000] {processor.py:840} INFO - DAG(s) 'news_extraction_pipeline' retrieved from /opt/airflow/dags/news_dag.py
[2026-04-08T17:30:24.386+0000] {logging_mixin.py:188} INFO - [2026-04-08T17:30:24.386+0000] {dag.py:3096} INFO - Sync 1 DAGs
[2026-04-08T17:30:24.395+0000] {logging_mixin.py:188} INFO - [2026-04-08T17:30:24.395+0000] {dag.py:3954} INFO - Setting next_dagrun for news_extraction_pipeline to 2026-04-08 06:00:00+00:00, run_after=2026-04-09 06:00:00+00:00
[2026-04-08T17:30:24.401+0000] {processor.py:183} INFO - Processing /opt/airflow/dags/news_dag.py took 0.049 seconds
[2026-04-08T17:30:54.689+0000] {processor.py:161} INFO - Started process (PID=284) to work on /opt/airflow/dags/news_dag.py
[2026-04-08T17:30:54.689+0000] {processor.py:830} INFO - Processing file /opt/airflow/dags/news_dag.py for tasks to queue
[2026-04-08T17:30:54.692+0000] {logging_mixin.py:188} INFO - [2026-04-08T17:30:54.692+0000] {dagbag.py:540} INFO - Filling up the DagBag from /opt/airflow/dags/news_dag.py
[2026-04-08T17:30:54.707+0000] {processor.py:840} INFO - DAG(s) 'news_extraction_pipeline' retrieved from /opt/airflow/dags/news_dag.py
[2026-04-08T17:30:54.728+0000] {logging_mixin.py:188} INFO - [2026-04-08T17:30:54.728+0000] {dag.py:3096} INFO - Sync 1 DAGs
[2026-04-08T17:30:54.738+0000] {logging_mixin.py:188} INFO - [2026-04-08T17:30:54.738+0000] {dag.py:3954} INFO - Setting next_dagrun for news_extraction_pipeline to 2026-04-08 06:00:00+00:00, run_after=2026-04-09 06:00:00+00:00
[2026-04-08T17:30:54.744+0000] {processor.py:183} INFO - Processing /opt/airflow/dags/news_dag.py took 0.064 seconds
[2026-04-08T17:31:24.977+0000] {processor.py:161} INFO - Started process (PID=289) to work on /opt/airflow/dags/news_dag.py
[2026-04-08T17:31:24.978+0000] {processor.py:830} INFO - Processing file /opt/airflow/dags/news_dag.py for tasks to queue
[2026-04-08T17:31:24.980+0000] {logging_mixin.py:188} INFO - [2026-04-08T17:31:24.979+0000] {dagbag.py:540} INFO - Filling up the DagBag from /opt/airflow/dags/news_dag.py
[2026-04-08T17:31:24.989+0000] {processor.py:840} INFO - DAG(s) 'news_extraction_pipeline' retrieved from /opt/airflow/dags/news_dag.py
[2026-04-08T17:31:25.007+0000] {logging_mixin.py:188} INFO - [2026-04-08T17:31:25.007+0000] {dag.py:3096} INFO - Sync 1 DAGs
[2026-04-08T17:31:25.016+0000] {logging_mixin.py:188} INFO - [2026-04-08T17:31:25.016+0000] {dag.py:3954} INFO - Setting next_dagrun for news_extraction_pipeline to 2026-04-08 06:00:00+00:00, run_after=2026-04-09 06:00:00+00:00
[2026-04-08T17:31:25.022+0000] {processor.py:183} INFO - Processing /opt/airflow/dags/news_dag.py took 0.051 seconds
[2026-04-08T17:31:55.296+0000] {processor.py:161} INFO - Started process (PID=294) to work on /opt/airflow/dags/news_dag.py
[2026-04-08T17:31:55.297+0000] {processor.py:830} INFO - Processing file /opt/airflow/dags/news_dag.py for tasks to queue
[2026-04-08T17:31:55.300+0000] {logging_mixin.py:188} INFO - [2026-04-08T17:31:55.300+0000] {dagbag.py:540} INFO - Filling up the DagBag from /opt/airflow/dags/news_dag.py
[2026-04-08T17:31:55.312+0000] {processor.py:840} INFO - DAG(s) 'news_extraction_pipeline' retrieved from /opt/airflow/dags/news_dag.py
[2026-04-08T17:31:55.332+0000] {logging_mixin.py:188} INFO - [2026-04-08T17:31:55.332+0000] {dag.py:3096} INFO - Sync 1 DAGs
[2026-04-08T17:31:55.343+0000] {logging_mixin.py:188} INFO - [2026-04-08T17:31:55.343+0000] {dag.py:3954} INFO - Setting next_dagrun for news_extraction_pipeline to 2026-04-08 06:00:00+00:00, run_after=2026-04-09 06:00:00+00:00
[2026-04-08T17:31:55.351+0000] {processor.py:183} INFO - Processing /opt/airflow/dags/news_dag.py took 0.060 seconds
[2026-04-08T17:32:25.595+0000] {processor.py:161} INFO - Started process (PID=299) to work on /opt/airflow/dags/news_dag.py
[2026-04-08T17:32:25.596+0000] {processor.py:830} INFO - Processing file /opt/airflow/dags/news_dag.py for tasks to queue
[2026-04-08T17:32:25.599+0000] {logging_mixin.py:188} INFO - [2026-04-08T17:32:25.598+0000] {dagbag.py:540} INFO - Filling up the DagBag from /opt/airflow/dags/news_dag.py
[2026-04-08T17:32:25.609+0000] {processor.py:840} INFO - DAG(s) 'news_extraction_pipeline' retrieved from /opt/airflow/dags/news_dag.py
[2026-04-08T17:32:25.628+0000] {logging_mixin.py:188} INFO - [2026-04-08T17:32:25.628+0000] {dag.py:3096} INFO - Sync 1 DAGs
[2026-04-08T17:32:25.638+0000] {logging_mixin.py:188} INFO - [2026-04-08T17:32:25.638+0000] {dag.py:3954} INFO - Setting next_dagrun for news_extraction_pipeline to 2026-04-08 06:00:00+00:00, run_after=2026-04-09 06:00:00+00:00
[2026-04-08T17:32:25.645+0000] {processor.py:183} INFO - Processing /opt/airflow/dags/news_dag.py took 0.056 seconds
[2026-04-08T17:32:55.901+0000] {processor.py:161} INFO - Started process (PID=304) to work on /opt/airflow/dags/news_dag.py
[2026-04-08T17:32:55.902+0000] {processor.py:830} INFO - Processing file /opt/airflow/dags/news_dag.py for tasks to queue
[2026-04-08T17:32:55.904+0000] {logging_mixin.py:188} INFO - [2026-04-08T17:32:55.903+0000] {dagbag.py:540} INFO - Filling up the DagBag from /opt/airflow/dags/news_dag.py
[2026-04-08T17:32:55.912+0000] {processor.py:840} INFO - DAG(s) 'news_extraction_pipeline' retrieved from /opt/airflow/dags/news_dag.py
[2026-04-08T17:32:55.930+0000] {logging_mixin.py:188} INFO - [2026-04-08T17:32:55.930+0000] {dag.py:3096} INFO - Sync 1 DAGs
[2026-04-08T17:32:55.940+0000] {logging_mixin.py:188} INFO - [2026-04-08T17:32:55.940+0000] {dag.py:3954} INFO - Setting next_dagrun for news_extraction_pipeline to 2026-04-08 06:00:00+00:00, run_after=2026-04-09 06:00:00+00:00
[2026-04-08T17:32:55.946+0000] {processor.py:183} INFO - Processing /opt/airflow/dags/news_dag.py took 0.051 seconds
[2026-04-08T17:33:26.216+0000] {processor.py:161} INFO - Started process (PID=309) to work on /opt/airflow/dags/news_dag.py
[2026-04-08T17:33:26.217+0000] {processor.py:830} INFO - Processing file /opt/airflow/dags/news_dag.py for tasks to queue
[2026-04-08T17:33:26.219+0000] {logging_mixin.py:188} INFO - [2026-04-08T17:33:26.219+0000] {dagbag.py:540} INFO - Filling up the DagBag from /opt/airflow/dags/news_dag.py
[2026-04-08T17:33:26.228+0000] {processor.py:840} INFO - DAG(s) 'news_extraction_pipeline' retrieved from /opt/airflow/dags/news_dag.py
[2026-04-08T17:33:26.248+0000] {logging_mixin.py:188} INFO - [2026-04-08T17:33:26.248+0000] {dag.py:3096} INFO - Sync 1 DAGs
[2026-04-08T17:33:26.258+0000] {logging_mixin.py:188} INFO - [2026-04-08T17:33:26.258+0000] {dag.py:3954} INFO - Setting next_dagrun for news_extraction_pipeline to 2026-04-08 06:00:00+00:00, run_after=2026-04-09 06:00:00+00:00
[2026-04-08T17:33:26.265+0000] {processor.py:183} INFO - Processing /opt/airflow/dags/news_dag.py took 0.055 seconds
[2026-04-08T17:33:56.511+0000] {processor.py:161} INFO - Started process (PID=314) to work on /opt/airflow/dags/news_dag.py
[2026-04-08T17:33:56.512+0000] {processor.py:830} INFO - Processing file /opt/airflow/dags/news_dag.py for tasks to queue
[2026-04-08T17:33:56.515+0000] {logging_mixin.py:188} INFO - [2026-04-08T17:33:56.514+0000] {dagbag.py:540} INFO - Filling up the DagBag from /opt/airflow/dags/news_dag.py
[2026-04-08T17:33:56.528+0000] {processor.py:840} INFO - DAG(s) 'news_extraction_pipeline' retrieved from /opt/airflow/dags/news_dag.py
[2026-04-08T17:33:56.548+0000] {logging_mixin.py:188} INFO - [2026-04-08T17:33:56.547+0000] {dag.py:3096} INFO - Sync 1 DAGs
[2026-04-08T17:33:56.559+0000] {logging_mixin.py:188} INFO - [2026-04-08T17:33:56.558+0000] {dag.py:3954} INFO - Setting next_dagrun for news_extraction_pipeline to 2026-04-08 06:00:00+00:00, run_after=2026-04-09 06:00:00+00:00
[2026-04-08T17:33:56.566+0000] {processor.py:183} INFO - Processing /opt/airflow/dags/news_dag.py took 0.061 seconds
[2026-04-08T17:34:26.806+0000] {processor.py:161} INFO - Started process (PID=319) to work on /opt/airflow/dags/news_dag.py
[2026-04-08T17:34:26.807+0000] {processor.py:830} INFO - Processing file /opt/airflow/dags/news_dag.py for tasks to queue
[2026-04-08T17:34:26.808+0000] {logging_mixin.py:188} INFO - [2026-04-08T17:34:26.808+0000] {dagbag.py:540} INFO - Filling up the DagBag from /opt/airflow/dags/news_dag.py
[2026-04-08T17:34:26.818+0000] {processor.py:840} INFO - DAG(s) 'news_extraction_pipeline' retrieved from /opt/airflow/dags/news_dag.py
[2026-04-08T17:34:26.835+0000] {logging_mixin.py:188} INFO - [2026-04-08T17:34:26.835+0000] {dag.py:3096} INFO - Sync 1 DAGs
[2026-04-08T17:34:26.846+0000] {logging_mixin.py:188} INFO - [2026-04-08T17:34:26.846+0000] {dag.py:3954} INFO - Setting next_dagrun for news_extraction_pipeline to 2026-04-08 06:00:00+00:00, run_after=2026-04-09 06:00:00+00:00
[2026-04-08T17:34:26.853+0000] {processor.py:183} INFO - Processing /opt/airflow/dags/news_dag.py took 0.052 seconds
[2026-04-08T17:34:57.097+0000] {processor.py:161} INFO - Started process (PID=324) to work on /opt/airflow/dags/news_dag.py
[2026-04-08T17:34:57.098+0000] {processor.py:830} INFO - Processing file /opt/airflow/dags/news_dag.py for tasks to queue
[2026-04-08T17:34:57.100+0000] {logging_mixin.py:188} INFO - [2026-04-08T17:34:57.100+0000] {dagbag.py:540} INFO - Filling up the DagBag from /opt/airflow/dags/news_dag.py
[2026-04-08T17:34:57.111+0000] {processor.py:840} INFO - DAG(s) 'news_extraction_pipeline' retrieved from /opt/airflow/dags/news_dag.py
[2026-04-08T17:34:57.131+0000] {logging_mixin.py:188} INFO - [2026-04-08T17:34:57.131+0000] {dag.py:3096} INFO - Sync 1 DAGs
[2026-04-08T17:34:57.141+0000] {logging_mixin.py:188} INFO - [2026-04-08T17:34:57.140+0000] {dag.py:3954} INFO - Setting next_dagrun for news_extraction_pipeline to 2026-04-08 06:00:00+00:00, run_after=2026-04-09 06:00:00+00:00
[2026-04-08T17:34:57.147+0000] {processor.py:183} INFO - Processing /opt/airflow/dags/news_dag.py took 0.056 seconds
[2026-04-08T17:35:27.359+0000] {processor.py:161} INFO - Started process (PID=329) to work on /opt/airflow/dags/news_dag.py
[2026-04-08T17:35:27.361+0000] {processor.py:830} INFO - Processing file /opt/airflow/dags/news_dag.py for tasks to queue
[2026-04-08T17:35:27.363+0000] {logging_mixin.py:188} INFO - [2026-04-08T17:35:27.363+0000] {dagbag.py:540} INFO - Filling up the DagBag from /opt/airflow/dags/news_dag.py
[2026-04-08T17:35:27.376+0000] {processor.py:840} INFO - DAG(s) 'news_extraction_pipeline' retrieved from /opt/airflow/dags/news_dag.py
[2026-04-08T17:35:27.402+0000] {logging_mixin.py:188} INFO - [2026-04-08T17:35:27.402+0000] {dag.py:3096} INFO - Sync 1 DAGs
[2026-04-08T17:35:27.415+0000] {logging_mixin.py:188} INFO - [2026-04-08T17:35:27.414+0000] {dag.py:3954} INFO - Setting next_dagrun for news_extraction_pipeline to 2026-04-08 06:00:00+00:00, run_after=2026-04-09 06:00:00+00:00
[2026-04-08T17:35:27.422+0000] {processor.py:183} INFO - Processing /opt/airflow/dags/news_dag.py took 0.074 seconds
[2026-04-08T17:35:57.623+0000] {processor.py:161} INFO - Started process (PID=334) to work on /opt/airflow/dags/news_dag.py
[2026-04-08T17:35:57.624+0000] {processor.py:830} INFO - Processing file /opt/airflow/dags/news_dag.py for tasks to queue
[2026-04-08T17:35:57.627+0000] {logging_mixin.py:188} INFO - [2026-04-08T17:35:57.627+0000] {dagbag.py:540} INFO - Filling up the DagBag from /opt/airflow/dags/news_dag.py
[2026-04-08T17:35:57.636+0000] {processor.py:840} INFO - DAG(s) 'news_extraction_pipeline' retrieved from /opt/airflow/dags/news_dag.py
[2026-04-08T17:35:57.651+0000] {logging_mixin.py:188} INFO - [2026-04-08T17:35:57.651+0000] {dag.py:3096} INFO - Sync 1 DAGs
[2026-04-08T17:35:57.661+0000] {logging_mixin.py:188} INFO - [2026-04-08T17:35:57.660+0000] {dag.py:3954} INFO - Setting next_dagrun for news_extraction_pipeline to 2026-04-08 06:00:00+00:00, run_after=2026-04-09 06:00:00+00:00
[2026-04-08T17:35:57.667+0000] {processor.py:183} INFO - Processing /opt/airflow/dags/news_dag.py took 0.052 seconds
[2026-04-08T17:36:27.898+0000] {processor.py:161} INFO - Started process (PID=339) to work on /opt/airflow/dags/news_dag.py
[2026-04-08T17:36:27.899+0000] {processor.py:830} INFO - Processing file /opt/airflow/dags/news_dag.py for tasks to queue
[2026-04-08T17:36:27.900+0000] {logging_mixin.py:188} INFO - [2026-04-08T17:36:27.900+0000] {dagbag.py:540} INFO - Filling up the DagBag from /opt/airflow/dags/news_dag.py
[2026-04-08T17:36:27.910+0000] {processor.py:840} INFO - DAG(s) 'news_extraction_pipeline' retrieved from /opt/airflow/dags/news_dag.py
[2026-04-08T17:36:27.929+0000] {logging_mixin.py:188} INFO - [2026-04-08T17:36:27.929+0000] {dag.py:3096} INFO - Sync 1 DAGs
[2026-04-08T17:36:27.938+0000] {logging_mixin.py:188} INFO - [2026-04-08T17:36:27.937+0000] {dag.py:3954} INFO - Setting next_dagrun for news_extraction_pipeline to 2026-04-08 06:00:00+00:00, run_after=2026-04-09 06:00:00+00:00
[2026-04-08T17:36:27.944+0000] {processor.py:183} INFO - Processing /opt/airflow/dags/news_dag.py took 0.051 seconds
[2026-04-08T17:36:58.178+0000] {processor.py:161} INFO - Started process (PID=344) to work on /opt/airflow/dags/news_dag.py
[2026-04-08T17:36:58.179+0000] {processor.py:830} INFO - Processing file /opt/airflow/dags/news_dag.py for tasks to queue
[2026-04-08T17:36:58.180+0000] {logging_mixin.py:188} INFO - [2026-04-08T17:36:58.180+0000] {dagbag.py:540} INFO - Filling up the DagBag from /opt/airflow/dags/news_dag.py
[2026-04-08T17:36:58.188+0000] {processor.py:840} INFO - DAG(s) 'news_extraction_pipeline' retrieved from /opt/airflow/dags/news_dag.py
[2026-04-08T17:36:58.207+0000] {logging_mixin.py:188} INFO - [2026-04-08T17:36:58.207+0000] {dag.py:3096} INFO - Sync 1 DAGs
[2026-04-08T17:36:58.216+0000] {logging_mixin.py:188} INFO - [2026-04-08T17:36:58.216+0000] {dag.py:3954} INFO - Setting next_dagrun for news_extraction_pipeline to 2026-04-08 06:00:00+00:00, run_after=2026-04-09 06:00:00+00:00
[2026-04-08T17:36:58.224+0000] {processor.py:183} INFO - Processing /opt/airflow/dags/news_dag.py took 0.051 seconds
[2026-04-08T17:37:28.448+0000] {processor.py:161} INFO - Started process (PID=349) to work on /opt/airflow/dags/news_dag.py
[2026-04-08T17:37:28.449+0000] {processor.py:830} INFO - Processing file /opt/airflow/dags/news_dag.py for tasks to queue
[2026-04-08T17:37:28.451+0000] {logging_mixin.py:188} INFO - [2026-04-08T17:37:28.451+0000] {dagbag.py:540} INFO - Filling up the DagBag from /opt/airflow/dags/news_dag.py
[2026-04-08T17:37:28.466+0000] {processor.py:840} INFO - DAG(s) 'news_extraction_pipeline' retrieved from /opt/airflow/dags/news_dag.py
[2026-04-08T17:37:28.488+0000] {logging_mixin.py:188} INFO - [2026-04-08T17:37:28.488+0000] {dag.py:3096} INFO - Sync 1 DAGs
[2026-04-08T17:37:28.498+0000] {logging_mixin.py:188} INFO - [2026-04-08T17:37:28.498+0000] {dag.py:3954} INFO - Setting next_dagrun for news_extraction_pipeline to 2026-04-08 06:00:00+00:00, run_after=2026-04-09 06:00:00+00:00
[2026-04-08T17:37:28.504+0000] {processor.py:183} INFO - Processing /opt/airflow/dags/news_dag.py took 0.063 seconds
[2026-04-08T17:37:58.722+0000] {processor.py:161} INFO - Started process (PID=354) to work on /opt/airflow/dags/news_dag.py
[2026-04-08T17:37:58.723+0000] {processor.py:830} INFO - Processing file /opt/airflow/dags/news_dag.py for tasks to queue
[2026-04-08T17:37:58.724+0000] {logging_mixin.py:188} INFO - [2026-04-08T17:37:58.724+0000] {dagbag.py:540} INFO - Filling up the DagBag from /opt/airflow/dags/news_dag.py
[2026-04-08T17:37:58.734+0000] {processor.py:840} INFO - DAG(s) 'news_extraction_pipeline' retrieved from /opt/airflow/dags/news_dag.py
[2026-04-08T17:37:58.753+0000] {logging_mixin.py:188} INFO - [2026-04-08T17:37:58.753+0000] {dag.py:3096} INFO - Sync 1 DAGs
[2026-04-08T17:37:58.762+0000] {logging_mixin.py:188} INFO - [2026-04-08T17:37:58.762+0000] {dag.py:3954} INFO - Setting next_dagrun for news_extraction_pipeline to 2026-04-08 06:00:00+00:00, run_after=2026-04-09 06:00:00+00:00
[2026-04-08T17:37:58.769+0000] {processor.py:183} INFO - Processing /opt/airflow/dags/news_dag.py took 0.053 seconds
[2026-04-08T17:38:28.963+0000] {processor.py:161} INFO - Started process (PID=359) to work on /opt/airflow/dags/news_dag.py
[2026-04-08T17:38:28.963+0000] {processor.py:830} INFO - Processing file /opt/airflow/dags/news_dag.py for tasks to queue
[2026-04-08T17:38:28.964+0000] {logging_mixin.py:188} INFO - [2026-04-08T17:38:28.964+0000] {dagbag.py:540} INFO - Filling up the DagBag from /opt/airflow/dags/news_dag.py
[2026-04-08T17:38:28.969+0000] {processor.py:840} INFO - DAG(s) 'news_extraction_pipeline' retrieved from /opt/airflow/dags/news_dag.py
[2026-04-08T17:38:28.980+0000] {logging_mixin.py:188} INFO - [2026-04-08T17:38:28.980+0000] {dag.py:3096} INFO - Sync 1 DAGs
[2026-04-08T17:38:28.988+0000] {logging_mixin.py:188} INFO - [2026-04-08T17:38:28.988+0000] {dag.py:3954} INFO - Setting next_dagrun for news_extraction_pipeline to 2026-04-08 06:00:00+00:00, run_after=2026-04-09 06:00:00+00:00
[2026-04-08T17:38:28.994+0000] {processor.py:183} INFO - Processing /opt/airflow/dags/news_dag.py took 0.034 seconds
[2026-04-08T17:38:59.264+0000] {processor.py:161} INFO - Started process (PID=364) to work on /opt/airflow/dags/news_dag.py
[2026-04-08T17:38:59.265+0000] {processor.py:830} INFO - Processing file /opt/airflow/dags/news_dag.py for tasks to queue
[2026-04-08T17:38:59.266+0000] {logging_mixin.py:188} INFO - [2026-04-08T17:38:59.266+0000] {dagbag.py:540} INFO - Filling up the DagBag from /opt/airflow/dags/news_dag.py
[2026-04-08T17:38:59.275+0000] {processor.py:840} INFO - DAG(s) 'news_extraction_pipeline' retrieved from /opt/airflow/dags/news_dag.py
[2026-04-08T17:38:59.291+0000] {logging_mixin.py:188} INFO - [2026-04-08T17:38:59.291+0000] {dag.py:3096} INFO - Sync 1 DAGs
[2026-04-08T17:38:59.301+0000] {logging_mixin.py:188} INFO - [2026-04-08T17:38:59.301+0000] {dag.py:3954} INFO - Setting next_dagrun for news_extraction_pipeline to 2026-04-08 06:00:00+00:00, run_after=2026-04-09 06:00:00+00:00
[2026-04-08T17:38:59.307+0000] {processor.py:183} INFO - Processing /opt/airflow/dags/news_dag.py took 0.048 seconds
[2026-04-08T17:39:29.543+0000] {processor.py:161} INFO - Started process (PID=369) to work on /opt/airflow/dags/news_dag.py
[2026-04-08T17:39:29.544+0000] {processor.py:830} INFO - Processing file /opt/airflow/dags/news_dag.py for tasks to queue
[2026-04-08T17:39:29.547+0000] {logging_mixin.py:188} INFO - [2026-04-08T17:39:29.546+0000] {dagbag.py:540} INFO - Filling up the DagBag from /opt/airflow/dags/news_dag.py
[2026-04-08T17:39:29.560+0000] {processor.py:840} INFO - DAG(s) 'news_extraction_pipeline' retrieved from /opt/airflow/dags/news_dag.py
[2026-04-08T17:39:29.580+0000] {logging_mixin.py:188} INFO - [2026-04-08T17:39:29.580+0000] {dag.py:3096} INFO - Sync 1 DAGs
[2026-04-08T17:39:29.590+0000] {logging_mixin.py:188} INFO - [2026-04-08T17:39:29.590+0000] {dag.py:3954} INFO - Setting next_dagrun for news_extraction_pipeline to 2026-04-08 06:00:00+00:00, run_after=2026-04-09 06:00:00+00:00
[2026-04-08T17:39:29.597+0000] {processor.py:183} INFO - Processing /opt/airflow/dags/news_dag.py took 0.060 seconds
[2026-04-08T17:39:59.865+0000] {processor.py:161} INFO - Started process (PID=374) to work on /opt/airflow/dags/news_dag.py
[2026-04-08T17:39:59.866+0000] {processor.py:830} INFO - Processing file /opt/airflow/dags/news_dag.py for tasks to queue
[2026-04-08T17:39:59.869+0000] {logging_mixin.py:188} INFO - [2026-04-08T17:39:59.868+0000] {dagbag.py:540} INFO - Filling up the DagBag from /opt/airflow/dags/news_dag.py
[2026-04-08T17:39:59.888+0000] {processor.py:840} INFO - DAG(s) 'news_extraction_pipeline' retrieved from /opt/airflow/dags/news_dag.py
[2026-04-08T17:39:59.915+0000] {logging_mixin.py:188} INFO - [2026-04-08T17:39:59.915+0000] {dag.py:3096} INFO - Sync 1 DAGs
[2026-04-08T17:39:59.930+0000] {logging_mixin.py:188} INFO - [2026-04-08T17:39:59.930+0000] {dag.py:3954} INFO - Setting next_dagrun for news_extraction_pipeline to 2026-04-08 06:00:00+00:00, run_after=2026-04-09 06:00:00+00:00
[2026-04-08T17:39:59.936+0000] {processor.py:183} INFO - Processing /opt/airflow/dags/news_dag.py took 0.080 seconds
[2026-04-08T17:40:30.163+0000] {processor.py:161} INFO - Started process (PID=379) to work on /opt/airflow/dags/news_dag.py
[2026-04-08T17:40:30.164+0000] {processor.py:830} INFO - Processing file /opt/airflow/dags/news_dag.py for tasks to queue
[2026-04-08T17:40:30.166+0000] {logging_mixin.py:188} INFO - [2026-04-08T17:40:30.166+0000] {dagbag.py:540} INFO - Filling up the DagBag from /opt/airflow/dags/news_dag.py
[2026-04-08T17:40:30.176+0000] {processor.py:840} INFO - DAG(s) 'news_extraction_pipeline' retrieved from /opt/airflow/dags/news_dag.py
[2026-04-08T17:40:30.194+0000] {logging_mixin.py:188} INFO - [2026-04-08T17:40:30.194+0000] {dag.py:3096} INFO - Sync 1 DAGs
[2026-04-08T17:40:30.203+0000] {logging_mixin.py:188} INFO - [2026-04-08T17:40:30.203+0000] {dag.py:3954} INFO - Setting next_dagrun for news_extraction_pipeline to 2026-04-08 06:00:00+00:00, run_after=2026-04-09 06:00:00+00:00
[2026-04-08T17:40:30.209+0000] {processor.py:183} INFO - Processing /opt/airflow/dags/news_dag.py took 0.053 seconds
[2026-04-08T17:41:00.460+0000] {processor.py:161} INFO - Started process (PID=384) to work on /opt/airflow/dags/news_dag.py
[2026-04-08T17:41:00.461+0000] {processor.py:830} INFO - Processing file /opt/airflow/dags/news_dag.py for tasks to queue
[2026-04-08T17:41:00.463+0000] {logging_mixin.py:188} INFO - [2026-04-08T17:41:00.463+0000] {dagbag.py:540} INFO - Filling up the DagBag from /opt/airflow/dags/news_dag.py
[2026-04-08T17:41:00.474+0000] {processor.py:840} INFO - DAG(s) 'news_extraction_pipeline' retrieved from /opt/airflow/dags/news_dag.py
[2026-04-08T17:41:00.492+0000] {logging_mixin.py:188} INFO - [2026-04-08T17:41:00.492+0000] {dag.py:3096} INFO - Sync 1 DAGs
[2026-04-08T17:41:00.502+0000] {logging_mixin.py:188} INFO - [2026-04-08T17:41:00.502+0000] {dag.py:3954} INFO - Setting next_dagrun for news_extraction_pipeline to 2026-04-08 06:00:00+00:00, run_after=2026-04-09 06:00:00+00:00
[2026-04-08T17:41:00.508+0000] {processor.py:183} INFO - Processing /opt/airflow/dags/news_dag.py took 0.053 seconds
[2026-04-08T17:41:30.740+0000] {processor.py:161} INFO - Started process (PID=389) to work on /opt/airflow/dags/news_dag.py
[2026-04-08T17:41:30.741+0000] {processor.py:830} INFO - Processing file /opt/airflow/dags/news_dag.py for tasks to queue
[2026-04-08T17:41:30.743+0000] {logging_mixin.py:188} INFO - [2026-04-08T17:41:30.743+0000] {dagbag.py:540} INFO - Filling up the DagBag from /opt/airflow/dags/news_dag.py
[2026-04-08T17:41:30.755+0000] {processor.py:840} INFO - DAG(s) 'news_extraction_pipeline' retrieved from /opt/airflow/dags/news_dag.py
[2026-04-08T17:41:30.775+0000] {logging_mixin.py:188} INFO - [2026-04-08T17:41:30.774+0000] {dag.py:3096} INFO - Sync 1 DAGs
[2026-04-08T17:41:30.787+0000] {logging_mixin.py:188} INFO - [2026-04-08T17:41:30.787+0000] {dag.py:3954} INFO - Setting next_dagrun for news_extraction_pipeline to 2026-04-08 06:00:00+00:00, run_after=2026-04-09 06:00:00+00:00
[2026-04-08T17:41:30.794+0000] {processor.py:183} INFO - Processing /opt/airflow/dags/news_dag.py took 0.062 seconds
[2026-04-08T17:42:01.084+0000] {processor.py:161} INFO - Started process (PID=394) to work on /opt/airflow/dags/news_dag.py
[2026-04-08T17:42:01.085+0000] {processor.py:830} INFO - Processing file /opt/airflow/dags/news_dag.py for tasks to queue
[2026-04-08T17:42:01.087+0000] {logging_mixin.py:188} INFO - [2026-04-08T17:42:01.087+0000] {dagbag.py:540} INFO - Filling up the DagBag from /opt/airflow/dags/news_dag.py
[2026-04-08T17:42:01.102+0000] {processor.py:840} INFO - DAG(s) 'news_extraction_pipeline' retrieved from /opt/airflow/dags/news_dag.py
[2026-04-08T17:42:01.122+0000] {logging_mixin.py:188} INFO - [2026-04-08T17:42:01.122+0000] {dag.py:3096} INFO - Sync 1 DAGs
[2026-04-08T17:42:01.132+0000] {logging_mixin.py:188} INFO - [2026-04-08T17:42:01.132+0000] {dag.py:3954} INFO - Setting next_dagrun for news_extraction_pipeline to 2026-04-08 06:00:00+00:00, run_after=2026-04-09 06:00:00+00:00
[2026-04-08T17:42:01.138+0000] {processor.py:183} INFO - Processing /opt/airflow/dags/news_dag.py took 0.064 seconds
[2026-04-08T17:42:31.349+0000] {processor.py:161} INFO - Started process (PID=399) to work on /opt/airflow/dags/news_dag.py
[2026-04-08T17:42:31.350+0000] {processor.py:830} INFO - Processing file /opt/airflow/dags/news_dag.py for tasks to queue
[2026-04-08T17:42:31.352+0000] {logging_mixin.py:188} INFO - [2026-04-08T17:42:31.352+0000] {dagbag.py:540} INFO - Filling up the DagBag from /opt/airflow/dags/news_dag.py
[2026-04-08T17:42:31.363+0000] {processor.py:840} INFO - DAG(s) 'news_extraction_pipeline' retrieved from /opt/airflow/dags/news_dag.py
[2026-04-08T17:42:31.380+0000] {logging_mixin.py:188} INFO - [2026-04-08T17:42:31.380+0000] {dag.py:3096} INFO - Sync 1 DAGs
[2026-04-08T17:42:31.390+0000] {logging_mixin.py:188} INFO - [2026-04-08T17:42:31.390+0000] {dag.py:3954} INFO - Setting next_dagrun for news_extraction_pipeline to 2026-04-08 06:00:00+00:00, run_after=2026-04-09 06:00:00+00:00
[2026-04-08T17:42:31.400+0000] {processor.py:183} INFO - Processing /opt/airflow/dags/news_dag.py took 0.057 seconds
[2026-04-08T17:43:01.699+0000] {processor.py:161} INFO - Started process (PID=404) to work on /opt/airflow/dags/news_dag.py
[2026-04-08T17:43:01.699+0000] {processor.py:830} INFO - Processing file /opt/airflow/dags/news_dag.py for tasks to queue
[2026-04-08T17:43:01.701+0000] {logging_mixin.py:188} INFO - [2026-04-08T17:43:01.701+0000] {dagbag.py:540} INFO - Filling up the DagBag from /opt/airflow/dags/news_dag.py
[2026-04-08T17:43:01.715+0000] {processor.py:840} INFO - DAG(s) 'news_extraction_pipeline' retrieved from /opt/airflow/dags/news_dag.py
[2026-04-08T17:43:01.735+0000] {logging_mixin.py:188} INFO - [2026-04-08T17:43:01.735+0000] {dag.py:3096} INFO - Sync 1 DAGs
[2026-04-08T17:43:01.745+0000] {logging_mixin.py:188} INFO - [2026-04-08T17:43:01.745+0000] {dag.py:3954} INFO - Setting next_dagrun for news_extraction_pipeline to 2026-04-08 06:00:00+00:00, run_after=2026-04-09 06:00:00+00:00
[2026-04-08T17:43:01.752+0000] {processor.py:183} INFO - Processing /opt/airflow/dags/news_dag.py took 0.059 seconds
