[2026-04-08T16:51:15.797+0000] {manager.py:470} INFO - Processing files using up to 2 processes at a time 
[2026-04-08T16:51:15.797+0000] {manager.py:471} INFO - Process each file at most once every 30 seconds
[2026-04-08T16:51:15.798+0000] {manager.py:472} INFO - Checking for new files in /opt/airflow/dags every 300 seconds
[2026-04-08T16:51:15.798+0000] {manager.py:737} INFO - Searching for files in /opt/airflow/dags
[2026-04-08T16:51:15.801+0000] {manager.py:740} INFO - There are 0 files in /opt/airflow/dags
[2026-04-08T16:56:16.048+0000] {manager.py:737} INFO - Searching for files in /opt/airflow/dags
[2026-04-08T16:56:16.054+0000] {manager.py:740} INFO - There are 0 files in /opt/airflow/dags
[2026-04-08T17:01:35.193+0000] {manager.py:470} INFO - Processing files using up to 2 processes at a time 
[2026-04-08T17:01:35.194+0000] {manager.py:471} INFO - Process each file at most once every 30 seconds
[2026-04-08T17:01:35.194+0000] {manager.py:472} INFO - Checking for new files in /opt/airflow/dags every 300 seconds
[2026-04-08T17:01:35.194+0000] {manager.py:737} INFO - Searching for files in /opt/airflow/dags
[2026-04-08T17:01:35.196+0000] {manager.py:740} INFO - There are 0 files in /opt/airflow/dags
[2026-04-08T17:03:22.984+0000] {manager.py:452} INFO - Exiting gracefully upon receiving signal 15
[2026-04-08T17:06:47.853+0000] {manager.py:470} INFO - Processing files using up to 2 processes at a time 
[2026-04-08T17:06:47.853+0000] {manager.py:471} INFO - Process each file at most once every 30 seconds
[2026-04-08T17:06:47.854+0000] {manager.py:472} INFO - Checking for new files in /opt/airflow/dags every 300 seconds
[2026-04-08T17:06:47.854+0000] {manager.py:737} INFO - Searching for files in /opt/airflow/dags
[2026-04-08T17:06:47.855+0000] {manager.py:740} INFO - There are 0 files in /opt/airflow/dags
[2026-04-08T17:11:48.309+0000] {manager.py:737} INFO - Searching for files in /opt/airflow/dags
[2026-04-08T17:11:48.316+0000] {manager.py:740} INFO - There are 0 files in /opt/airflow/dags
[2026-04-08T17:16:48.788+0000] {manager.py:737} INFO - Searching for files in /opt/airflow/dags
[2026-04-08T17:16:48.795+0000] {manager.py:740} INFO - There are 0 files in /opt/airflow/dags
[2026-04-08T17:21:49.485+0000] {manager.py:737} INFO - Searching for files in /opt/airflow/dags
[2026-04-08T17:21:49.492+0000] {manager.py:740} INFO - There are 1 files in /opt/airflow/dags
[2026-04-08T17:22:18.768+0000] {manager.py:878} INFO - 
================================================================================
DAG File Processing Stats

File Path                      PID    Runtime      # DAGs    # Errors  Last Runtime    Last Run
-----------------------------  -----  ---------  --------  ----------  --------------  -------------------
/opt/airflow/dags/news_dag.py                           1           0  0.16s           2026-04-08T17:21:49
================================================================================
[2026-04-08T17:22:49.039+0000] {manager.py:878} INFO - 
================================================================================
DAG File Processing Stats

File Path                      PID    Runtime      # DAGs    # Errors  Last Runtime    Last Run
-----------------------------  -----  ---------  --------  ----------  --------------  -------------------
/opt/airflow/dags/news_dag.py                           1           0  0.07s           2026-04-08T17:22:19
================================================================================
[2026-04-08T17:23:19.322+0000] {manager.py:878} INFO - 
================================================================================
DAG File Processing Stats

File Path                      PID    Runtime      # DAGs    # Errors  Last Runtime    Last Run
-----------------------------  -----  ---------  --------  ----------  --------------  -------------------
/opt/airflow/dags/news_dag.py                           1           0  0.04s           2026-04-08T17:22:50
================================================================================
[2026-04-08T17:23:49.604+0000] {manager.py:878} INFO - 
================================================================================
DAG File Processing Stats

File Path                      PID    Runtime      # DAGs    # Errors  Last Runtime    Last Run
-----------------------------  -----  ---------  --------  ----------  --------------  -------------------
/opt/airflow/dags/news_dag.py                           1           0  0.08s           2026-04-08T17:23:20
================================================================================
[2026-04-08T17:24:19.890+0000] {manager.py:878} INFO - 
================================================================================
DAG File Processing Stats

File Path                      PID    Runtime      # DAGs    # Errors  Last Runtime    Last Run
-----------------------------  -----  ---------  --------  ----------  --------------  -------------------
/opt/airflow/dags/news_dag.py                           1           0  0.08s           2026-04-08T17:23:50
================================================================================
[2026-04-08T17:24:50.146+0000] {manager.py:878} INFO - 
================================================================================
DAG File Processing Stats

File Path                      PID    Runtime      # DAGs    # Errors  Last Runtime    Last Run
-----------------------------  -----  ---------  --------  ----------  --------------  -------------------
/opt/airflow/dags/news_dag.py                           1           0  0.07s           2026-04-08T17:24:20
================================================================================
[2026-04-08T17:25:20.448+0000] {manager.py:878} INFO - 
================================================================================
DAG File Processing Stats

File Path                      PID    Runtime      # DAGs    # Errors  Last Runtime    Last Run
-----------------------------  -----  ---------  --------  ----------  --------------  -------------------
/opt/airflow/dags/news_dag.py                           1           0  0.07s           2026-04-08T17:24:51
================================================================================
[2026-04-08T17:25:50.735+0000] {manager.py:878} INFO - 
================================================================================
DAG File Processing Stats

File Path                      PID    Runtime      # DAGs    # Errors  Last Runtime    Last Run
-----------------------------  -----  ---------  --------  ----------  --------------  -------------------
/opt/airflow/dags/news_dag.py                           1           0  0.08s           2026-04-08T17:25:21
================================================================================
[2026-04-08T17:26:21.015+0000] {manager.py:878} INFO - 
================================================================================
DAG File Processing Stats

File Path                      PID    Runtime      # DAGs    # Errors  Last Runtime    Last Run
-----------------------------  -----  ---------  --------  ----------  --------------  -------------------
/opt/airflow/dags/news_dag.py                           1           0  0.08s           2026-04-08T17:25:51
================================================================================
[2026-04-08T17:26:50.275+0000] {manager.py:737} INFO - Searching for files in /opt/airflow/dags
[2026-04-08T17:26:50.279+0000] {manager.py:740} INFO - There are 1 files in /opt/airflow/dags
[2026-04-08T17:26:51.293+0000] {manager.py:878} INFO - 
================================================================================
DAG File Processing Stats

File Path                      PID    Runtime      # DAGs    # Errors  Last Runtime    Last Run
-----------------------------  -----  ---------  --------  ----------  --------------  -------------------
/opt/airflow/dags/news_dag.py                           1           0  0.07s           2026-04-08T17:26:22
================================================================================
[2026-04-08T17:27:21.565+0000] {manager.py:878} INFO - 
================================================================================
DAG File Processing Stats

File Path                      PID    Runtime      # DAGs    # Errors  Last Runtime    Last Run
-----------------------------  -----  ---------  --------  ----------  --------------  -------------------
/opt/airflow/dags/news_dag.py                           1           0  0.07s           2026-04-08T17:26:52
================================================================================
[2026-04-08T17:27:51.874+0000] {manager.py:878} INFO - 
================================================================================
DAG File Processing Stats

File Path                      PID    Runtime      # DAGs    # Errors  Last Runtime    Last Run
-----------------------------  -----  ---------  --------  ----------  --------------  -------------------
/opt/airflow/dags/news_dag.py                           1           0  0.07s           2026-04-08T17:27:22
================================================================================
[2026-04-08T17:28:22.144+0000] {manager.py:878} INFO - 
================================================================================
DAG File Processing Stats

File Path                      PID    Runtime      # DAGs    # Errors  Last Runtime    Last Run
-----------------------------  -----  ---------  --------  ----------  --------------  -------------------
/opt/airflow/dags/news_dag.py                           1           0  0.07s           2026-04-08T17:27:52
================================================================================
[2026-04-08T17:28:52.435+0000] {manager.py:878} INFO - 
================================================================================
DAG File Processing Stats

File Path                      PID    Runtime      # DAGs    # Errors  Last Runtime    Last Run
-----------------------------  -----  ---------  --------  ----------  --------------  -------------------
/opt/airflow/dags/news_dag.py                           1           0  0.07s           2026-04-08T17:28:23
================================================================================
[2026-04-08T17:29:22.727+0000] {manager.py:878} INFO - 
================================================================================
DAG File Processing Stats

File Path                      PID    Runtime      # DAGs    # Errors  Last Runtime    Last Run
-----------------------------  -----  ---------  --------  ----------  --------------  -------------------
/opt/airflow/dags/news_dag.py                           1           0  0.09s           2026-04-08T17:28:53
================================================================================
[2026-04-08T17:29:53.012+0000] {manager.py:878} INFO - 
================================================================================
DAG File Processing Stats

File Path                      PID    Runtime      # DAGs    # Errors  Last Runtime    Last Run
-----------------------------  -----  ---------  --------  ----------  --------------  -------------------
/opt/airflow/dags/news_dag.py                           1           0  0.06s           2026-04-08T17:29:23
================================================================================
[2026-04-08T17:30:23.318+0000] {manager.py:878} INFO - 
================================================================================
DAG File Processing Stats

File Path                      PID    Runtime      # DAGs    # Errors  Last Runtime    Last Run
-----------------------------  -----  ---------  --------  ----------  --------------  -------------------
/opt/airflow/dags/news_dag.py                           1           0  0.07s           2026-04-08T17:29:54
================================================================================
[2026-04-08T17:30:53.636+0000] {manager.py:878} INFO - 
================================================================================
DAG File Processing Stats

File Path                      PID    Runtime      # DAGs    # Errors  Last Runtime    Last Run
-----------------------------  -----  ---------  --------  ----------  --------------  -------------------
/opt/airflow/dags/news_dag.py                           1           0  0.07s           2026-04-08T17:30:24
================================================================================
[2026-04-08T17:31:23.942+0000] {manager.py:878} INFO - 
================================================================================
DAG File Processing Stats

File Path                      PID    Runtime      # DAGs    # Errors  Last Runtime    Last Run
-----------------------------  -----  ---------  --------  ----------  --------------  -------------------
/opt/airflow/dags/news_dag.py                           1           0  0.09s           2026-04-08T17:30:54
================================================================================
[2026-04-08T17:31:51.205+0000] {manager.py:737} INFO - Searching for files in /opt/airflow/dags
[2026-04-08T17:31:51.212+0000] {manager.py:740} INFO - There are 1 files in /opt/airflow/dags
[2026-04-08T17:31:54.260+0000] {manager.py:878} INFO - 
================================================================================
DAG File Processing Stats

File Path                      PID    Runtime      # DAGs    # Errors  Last Runtime    Last Run
-----------------------------  -----  ---------  --------  ----------  --------------  -------------------
/opt/airflow/dags/news_dag.py                           1           0  0.07s           2026-04-08T17:31:25
================================================================================
[2026-04-08T17:32:24.556+0000] {manager.py:878} INFO - 
================================================================================
DAG File Processing Stats

File Path                      PID    Runtime      # DAGs    # Errors  Last Runtime    Last Run
-----------------------------  -----  ---------  --------  ----------  --------------  -------------------
/opt/airflow/dags/news_dag.py                           1           0  0.08s           2026-04-08T17:31:55
================================================================================
[2026-04-08T17:32:54.862+0000] {manager.py:878} INFO - 
================================================================================
DAG File Processing Stats

File Path                      PID    Runtime      # DAGs    # Errors  Last Runtime    Last Run
-----------------------------  -----  ---------  --------  ----------  --------------  -------------------
/opt/airflow/dags/news_dag.py                           1           0  0.08s           2026-04-08T17:32:25
================================================================================
[2026-04-08T17:33:25.178+0000] {manager.py:878} INFO - 
================================================================================
DAG File Processing Stats

File Path                      PID    Runtime      # DAGs    # Errors  Last Runtime    Last Run
-----------------------------  -----  ---------  --------  ----------  --------------  -------------------
/opt/airflow/dags/news_dag.py                           1           0  0.07s           2026-04-08T17:32:55
================================================================================
[2026-04-08T17:33:55.477+0000] {manager.py:878} INFO - 
================================================================================
DAG File Processing Stats

File Path                      PID    Runtime      # DAGs    # Errors  Last Runtime    Last Run
-----------------------------  -----  ---------  --------  ----------  --------------  -------------------
/opt/airflow/dags/news_dag.py                           1           0  0.07s           2026-04-08T17:33:26
================================================================================
[2026-04-08T17:34:25.771+0000] {manager.py:878} INFO - 
================================================================================
DAG File Processing Stats

File Path                      PID    Runtime      # DAGs    # Errors  Last Runtime    Last Run
-----------------------------  -----  ---------  --------  ----------  --------------  -------------------
/opt/airflow/dags/news_dag.py                           1           0  0.08s           2026-04-08T17:33:56
================================================================================
[2026-04-08T17:34:56.057+0000] {manager.py:878} INFO - 
================================================================================
DAG File Processing Stats

File Path                      PID    Runtime      # DAGs    # Errors  Last Runtime    Last Run
-----------------------------  -----  ---------  --------  ----------  --------------  -------------------
/opt/airflow/dags/news_dag.py                           1           0  0.07s           2026-04-08T17:34:26
================================================================================
[2026-04-08T17:35:26.310+0000] {manager.py:878} INFO - 
================================================================================
DAG File Processing Stats

File Path                      PID    Runtime      # DAGs    # Errors  Last Runtime    Last Run
-----------------------------  -----  ---------  --------  ----------  --------------  -------------------
/opt/airflow/dags/news_dag.py                           1           0  0.08s           2026-04-08T17:34:57
================================================================================
[2026-04-08T17:35:56.588+0000] {manager.py:878} INFO - 
================================================================================
DAG File Processing Stats

File Path                      PID    Runtime      # DAGs    # Errors  Last Runtime    Last Run
-----------------------------  -----  ---------  --------  ----------  --------------  -------------------
/opt/airflow/dags/news_dag.py                           1           0  0.10s           2026-04-08T17:35:27
================================================================================
[2026-04-08T17:36:26.856+0000] {manager.py:878} INFO - 
================================================================================
DAG File Processing Stats

File Path                      PID    Runtime      # DAGs    # Errors  Last Runtime    Last Run
-----------------------------  -----  ---------  --------  ----------  --------------  -------------------
/opt/airflow/dags/news_dag.py                           1           0  0.07s           2026-04-08T17:35:57
================================================================================
[2026-04-08T17:36:52.090+0000] {manager.py:737} INFO - Searching for files in /opt/airflow/dags
[2026-04-08T17:36:52.094+0000] {manager.py:740} INFO - There are 1 files in /opt/airflow/dags
[2026-04-08T17:36:57.144+0000] {manager.py:878} INFO - 
================================================================================
DAG File Processing Stats

File Path                      PID    Runtime      # DAGs    # Errors  Last Runtime    Last Run
-----------------------------  -----  ---------  --------  ----------  --------------  -------------------
/opt/airflow/dags/news_dag.py                           1           0  0.07s           2026-04-08T17:36:27
================================================================================
[2026-04-08T17:37:27.399+0000] {manager.py:878} INFO - 
================================================================================
DAG File Processing Stats

File Path                      PID    Runtime      # DAGs    # Errors  Last Runtime    Last Run
-----------------------------  -----  ---------  --------  ----------  --------------  -------------------
/opt/airflow/dags/news_dag.py                           1           0  0.07s           2026-04-08T17:36:58
================================================================================
[2026-04-08T17:37:57.683+0000] {manager.py:878} INFO - 
================================================================================
DAG File Processing Stats

File Path                      PID    Runtime      # DAGs    # Errors  Last Runtime    Last Run
-----------------------------  -----  ---------  --------  ----------  --------------  -------------------
/opt/airflow/dags/news_dag.py                           1           0  0.09s           2026-04-08T17:37:28
================================================================================
[2026-04-08T17:38:27.947+0000] {manager.py:878} INFO - 
================================================================================
DAG File Processing Stats

File Path                      PID    Runtime      # DAGs    # Errors  Last Runtime    Last Run
-----------------------------  -----  ---------  --------  ----------  --------------  -------------------
/opt/airflow/dags/news_dag.py                           1           0  0.08s           2026-04-08T17:37:58
================================================================================
[2026-04-08T17:38:58.232+0000] {manager.py:878} INFO - 
================================================================================
DAG File Processing Stats

File Path                      PID    Runtime      # DAGs    # Errors  Last Runtime    Last Run
-----------------------------  -----  ---------  --------  ----------  --------------  -------------------
/opt/airflow/dags/news_dag.py                           1           0  0.04s           2026-04-08T17:38:28
================================================================================
[2026-04-08T17:39:28.504+0000] {manager.py:878} INFO - 
================================================================================
DAG File Processing Stats

File Path                      PID    Runtime      # DAGs    # Errors  Last Runtime    Last Run
-----------------------------  -----  ---------  --------  ----------  --------------  -------------------
/opt/airflow/dags/news_dag.py                           1           0  0.07s           2026-04-08T17:38:59
================================================================================
[2026-04-08T17:39:58.808+0000] {manager.py:878} INFO - 
================================================================================
DAG File Processing Stats

File Path                      PID    Runtime      # DAGs    # Errors  Last Runtime    Last Run
-----------------------------  -----  ---------  --------  ----------  --------------  -------------------
/opt/airflow/dags/news_dag.py                           1           0  0.08s           2026-04-08T17:39:29
================================================================================
[2026-04-08T17:40:29.125+0000] {manager.py:878} INFO - 
================================================================================
DAG File Processing Stats

File Path                      PID    Runtime      # DAGs    # Errors  Last Runtime    Last Run
-----------------------------  -----  ---------  --------  ----------  --------------  -------------------
/opt/airflow/dags/news_dag.py                           1           0  0.11s           2026-04-08T17:39:59
================================================================================
[2026-04-08T17:40:59.426+0000] {manager.py:878} INFO - 
================================================================================
DAG File Processing Stats

File Path                      PID    Runtime      # DAGs    # Errors  Last Runtime    Last Run
-----------------------------  -----  ---------  --------  ----------  --------------  -------------------
/opt/airflow/dags/news_dag.py                           1           0  0.07s           2026-04-08T17:40:30
================================================================================
[2026-04-08T17:41:29.708+0000] {manager.py:878} INFO - 
================================================================================
DAG File Processing Stats

File Path                      PID    Runtime      # DAGs    # Errors  Last Runtime    Last Run
-----------------------------  -----  ---------  --------  ----------  --------------  -------------------
/opt/airflow/dags/news_dag.py                           1           0  0.07s           2026-04-08T17:41:00
================================================================================
[2026-04-08T17:41:52.941+0000] {manager.py:737} INFO - Searching for files in /opt/airflow/dags
[2026-04-08T17:41:52.947+0000] {manager.py:740} INFO - There are 1 files in /opt/airflow/dags
[2026-04-08T17:42:00.032+0000] {manager.py:878} INFO - 
================================================================================
DAG File Processing Stats

File Path                      PID    Runtime      # DAGs    # Errors  Last Runtime    Last Run
-----------------------------  -----  ---------  --------  ----------  --------------  -------------------
/opt/airflow/dags/news_dag.py                           1           0  0.07s           2026-04-08T17:41:30
================================================================================
[2026-04-08T17:42:30.314+0000] {manager.py:878} INFO - 
================================================================================
DAG File Processing Stats

File Path                      PID    Runtime      # DAGs    # Errors  Last Runtime    Last Run
-----------------------------  -----  ---------  --------  ----------  --------------  -------------------
/opt/airflow/dags/news_dag.py                           1           0  0.09s           2026-04-08T17:42:01
================================================================================
[2026-04-08T17:43:00.648+0000] {manager.py:878} INFO - 
================================================================================
DAG File Processing Stats

File Path                      PID    Runtime      # DAGs    # Errors  Last Runtime    Last Run
-----------------------------  -----  ---------  --------  ----------  --------------  -------------------
/opt/airflow/dags/news_dag.py                           1           0  0.08s           2026-04-08T17:42:31
================================================================================
